200 10 20 20 50 50 50 
200 10 20 20 50 50 50 
200 10 20 20 50 50 50 
200 10 20 20 50 100 
200 10 20 20 50 100 
200 10 20 20 50 50 50 
200 10 20 20 50 100 
200 10 20 20 50 100 
200 10 20 20 50 100 
200 10 20 20 50 100 
200 10 20 20 50 100 
200 10 20 20 50 100 
200 50 50 50 50 
200 50 50 100 
200 50 50 100 
200 50 50 100 
200 50 50 100 
200 50 50 100 
200 50 50 100 
200 50 50 100 
200 50 50 100 
200 50 50 100 
200 50 50 100 
200 50 50 100 
200 50 50 100 
200 100 100 
10 20 20 50 50 50 100 100 
10 20 20 50 50 50 100 100 
10 20 20 50 50 50 100 100 
10 20 20 50 50 50 100 100 
50 50 50 50 100 100 
